2020-10-21T14:15:56-0400 [INFO    ] dandi Traversing remote dandisets (000017) recursively
2020-10-21T14:15:56-0400 [INFO    ] backups2datalad.py Updating metadata file
2020-10-21T14:15:58-0400 [INFO    ] backups2datalad.py Syncing asset /sub-Cori/sub-Cori_ses-20161214T120000.nwb
2020-10-21T14:15:58-0400 [WARNING ] backups2datalad.py Asset metadata does not include sha256 hash
2020-10-21T14:15:59-0400 [INFO    ] backups2datalad.py Asset not in dataset; will copy
2020-10-21T14:15:59-0400 [INFO    ] backups2datalad.py cp /mnt/backup/dandi/dandiarchive-s3-backup/girder-assetstore/ac/c8/acc87363abf14cecbd32f8dfe6c1b1bd -> /mnt/backup/dandi/dandisets/000017/sub-Cori/sub-Cori_ses-20161214T120000.nwb
2020-10-21T14:15:59-0400 [INFO    ] backups2datalad.py Adding asset to dataset
2020-10-21T14:16:01-0400 [INFO    ] backups2datalad.py Adding URL https://dandiarchive.s3.amazonaws.com/girder-assetstore/ac/c8/acc87363abf14cecbd32f8dfe6c1b1bd?versionId=oka_PU0z84FMdW9agNnXpFBTm47YmIQN to asset
2020-10-21T14:16:02-0400 [INFO    ] backups2datalad.py Syncing asset /sub-Cori/sub-Cori_ses-20161217T120000.nwb
2020-10-21T14:16:02-0400 [WARNING ] backups2datalad.py Asset metadata does not include sha256 hash
2020-10-21T14:16:02-0400 [INFO    ] backups2datalad.py Asset not in dataset; will copy
2020-10-21T14:16:02-0400 [INFO    ] backups2datalad.py cp /mnt/backup/dandi/dandiarchive-s3-backup/girder-assetstore/98/91/9891eaf3b27249478264bcfaf8afb836 -> /mnt/backup/dandi/dandisets/000017/sub-Cori/sub-Cori_ses-20161217T120000.nwb
2020-10-21T14:16:02-0400 [INFO    ] backups2datalad.py Adding asset to dataset
2020-10-21T14:16:06-0400 [INFO    ] backups2datalad.py Adding URL https://dandiarchive.s3.amazonaws.com/girder-assetstore/98/91/9891eaf3b27249478264bcfaf8afb836?versionId=MFc3Gmdn_4eWXqAR7KkbdfUOf4Ea8KPy to asset
2020-10-21T14:16:06-0400 [INFO    ] backups2datalad.py Syncing asset /sub-Cori/sub-Cori_ses-20161218T120000.nwb
2020-10-21T14:16:06-0400 [WARNING ] backups2datalad.py Asset metadata does not include sha256 hash
2020-10-21T14:16:06-0400 [INFO    ] backups2datalad.py Asset not in dataset; will copy
2020-10-21T14:16:06-0400 [INFO    ] backups2datalad.py cp /mnt/backup/dandi/dandiarchive-s3-backup/girder-assetstore/5c/4f/5c4f2c13f62c4676ba858847ad1a6bef -> /mnt/backup/dandi/dandisets/000017/sub-Cori/sub-Cori_ses-20161218T120000.nwb
2020-10-21T14:16:06-0400 [INFO    ] backups2datalad.py Adding asset to dataset
2020-10-21T14:16:10-0400 [INFO    ] backups2datalad.py Adding URL https://dandiarchive.s3.amazonaws.com/girder-assetstore/5c/4f/5c4f2c13f62c4676ba858847ad1a6bef?versionId=0TYIJxC6S2VC.xoyPOE1IDdkH_X8Sbs8 to asset
2020-10-21T14:16:10-0400 [INFO    ] backups2datalad.py Syncing asset /sub-Forssmann/sub-Forssmann_ses-20171101T120000.nwb
2020-10-21T14:16:10-0400 [WARNING ] backups2datalad.py Asset metadata does not include sha256 hash
2020-10-21T14:16:11-0400 [INFO    ] backups2datalad.py Asset not in dataset; will copy
2020-10-21T14:16:11-0400 [INFO    ] backups2datalad.py cp /mnt/backup/dandi/dandiarchive-s3-backup/girder-assetstore/bf/a8/bfa8fe208346487fb8843dbc341232fd -> /mnt/backup/dandi/dandisets/000017/sub-Forssmann/sub-Forssmann_ses-20171101T120000.nwb
2020-10-21T14:16:11-0400 [INFO    ] backups2datalad.py Adding asset to dataset
2020-10-21T14:16:14-0400 [INFO    ] backups2datalad.py Adding URL https://dandiarchive.s3.amazonaws.com/girder-assetstore/bf/a8/bfa8fe208346487fb8843dbc341232fd?versionId=e36CJBAux6ifQ317hJDGoRZP1h1.ga8I to asset
2020-10-21T14:16:14-0400 [INFO    ] backups2datalad.py Syncing asset /sub-Forssmann/sub-Forssmann_ses-20171102T120000.nwb
2020-10-21T14:16:14-0400 [WARNING ] backups2datalad.py Asset metadata does not include sha256 hash
2020-10-21T14:16:14-0400 [INFO    ] backups2datalad.py Asset not in dataset; will copy
2020-10-21T14:16:14-0400 [INFO    ] backups2datalad.py cp /mnt/backup/dandi/dandiarchive-s3-backup/girder-assetstore/30/ed/30ed88dae6c648c38a263ac56a8847aa -> /mnt/backup/dandi/dandisets/000017/sub-Forssmann/sub-Forssmann_ses-20171102T120000.nwb
2020-10-21T14:16:14-0400 [INFO    ] backups2datalad.py Adding asset to dataset
2020-10-21T14:16:16-0400 [INFO    ] backups2datalad.py Adding URL https://dandiarchive.s3.amazonaws.com/girder-assetstore/30/ed/30ed88dae6c648c38a263ac56a8847aa?versionId=u8yBU0xGXmTABTTB1.DcGb_Nqfq.wrzO to asset
2020-10-21T14:16:17-0400 [INFO    ] backups2datalad.py Syncing asset /sub-Forssmann/sub-Forssmann_ses-20171104T120000.nwb
2020-10-21T14:16:17-0400 [WARNING ] backups2datalad.py Asset metadata does not include sha256 hash
2020-10-21T14:16:17-0400 [INFO    ] backups2datalad.py Asset not in dataset; will copy
2020-10-21T14:16:17-0400 [INFO    ] backups2datalad.py cp /mnt/backup/dandi/dandiarchive-s3-backup/girder-assetstore/cc/8d/cc8d28c2424b45a6b83417af55fc56e1 -> /mnt/backup/dandi/dandisets/000017/sub-Forssmann/sub-Forssmann_ses-20171104T120000.nwb
2020-10-21T14:16:17-0400 [INFO    ] backups2datalad.py Adding asset to dataset
2020-10-21T14:16:19-0400 [INFO    ] backups2datalad.py Adding URL https://dandiarchive.s3.amazonaws.com/girder-assetstore/cc/8d/cc8d28c2424b45a6b83417af55fc56e1?versionId=SnQfJnMVaziQS6nKzxXo4ScDSLFddSZ4 to asset
2020-10-21T14:16:19-0400 [INFO    ] backups2datalad.py Syncing asset /sub-Forssmann/sub-Forssmann_ses-20171105T120000.nwb
2020-10-21T14:16:19-0400 [WARNING ] backups2datalad.py Asset metadata does not include sha256 hash
2020-10-21T14:16:20-0400 [INFO    ] backups2datalad.py Asset not in dataset; will copy
2020-10-21T14:16:20-0400 [INFO    ] backups2datalad.py cp /mnt/backup/dandi/dandiarchive-s3-backup/girder-assetstore/68/ff/68ffd641492942b0aac58ceda52acd40 -> /mnt/backup/dandi/dandisets/000017/sub-Forssmann/sub-Forssmann_ses-20171105T120000.nwb
2020-10-21T14:16:20-0400 [INFO    ] backups2datalad.py Adding asset to dataset
2020-10-21T14:16:22-0400 [INFO    ] backups2datalad.py Adding URL https://dandiarchive.s3.amazonaws.com/girder-assetstore/68/ff/68ffd641492942b0aac58ceda52acd40?versionId=PNOtZMlfB2dYadhlXqie_c0o8wkW4Rkp to asset
2020-10-21T14:16:22-0400 [INFO    ] backups2datalad.py Syncing asset /sub-Hench/sub-Hench_ses-20170615T120000.nwb
2020-10-21T14:16:22-0400 [WARNING ] backups2datalad.py Asset metadata does not include sha256 hash
2020-10-21T14:16:22-0400 [INFO    ] backups2datalad.py Asset not in dataset; will copy
2020-10-21T14:16:22-0400 [INFO    ] backups2datalad.py cp /mnt/backup/dandi/dandiarchive-s3-backup/girder-assetstore/02/a8/02a8fec0f011408d9141fc4d0169c87a -> /mnt/backup/dandi/dandisets/000017/sub-Hench/sub-Hench_ses-20170615T120000.nwb
2020-10-21T14:16:22-0400 [INFO    ] backups2datalad.py Adding asset to dataset
2020-10-21T14:16:26-0400 [INFO    ] backups2datalad.py Adding URL https://dandiarchive.s3.amazonaws.com/girder-assetstore/02/a8/02a8fec0f011408d9141fc4d0169c87a?versionId=Wtqo26Y8EhN7pYH7jKXQqUzDkX2QBala to asset
2020-10-21T14:16:27-0400 [INFO    ] backups2datalad.py Syncing asset /sub-Hench/sub-Hench_ses-20170616T120000.nwb
2020-10-21T14:16:27-0400 [WARNING ] backups2datalad.py Asset metadata does not include sha256 hash
2020-10-21T14:16:27-0400 [INFO    ] backups2datalad.py Asset not in dataset; will copy
2020-10-21T14:16:27-0400 [INFO    ] backups2datalad.py cp /mnt/backup/dandi/dandiarchive-s3-backup/girder-assetstore/77/ab/77abbf35239d4cc0917c1dbcfc38f66c -> /mnt/backup/dandi/dandisets/000017/sub-Hench/sub-Hench_ses-20170616T120000.nwb
2020-10-21T14:16:27-0400 [INFO    ] backups2datalad.py Adding asset to dataset
2020-10-21T14:16:30-0400 [INFO    ] backups2datalad.py Adding URL https://dandiarchive.s3.amazonaws.com/girder-assetstore/77/ab/77abbf35239d4cc0917c1dbcfc38f66c?versionId=kz3kWqh1X_AQ1mBpo.aVT_Kr0Bwe1ujW to asset
2020-10-21T14:16:30-0400 [INFO    ] backups2datalad.py Syncing asset /sub-Hench/sub-Hench_ses-20170617T120000.nwb
2020-10-21T14:16:30-0400 [WARNING ] backups2datalad.py Asset metadata does not include sha256 hash
2020-10-21T14:16:31-0400 [INFO    ] backups2datalad.py Asset not in dataset; will copy
2020-10-21T14:16:31-0400 [INFO    ] backups2datalad.py cp /mnt/backup/dandi/dandiarchive-s3-backup/girder-assetstore/eb/65/eb65ad2d1cd646ed8e124a3f9cb3d9e9 -> /mnt/backup/dandi/dandisets/000017/sub-Hench/sub-Hench_ses-20170617T120000.nwb
2020-10-21T14:16:31-0400 [INFO    ] backups2datalad.py Adding asset to dataset
2020-10-21T14:16:34-0400 [INFO    ] backups2datalad.py Adding URL https://dandiarchive.s3.amazonaws.com/girder-assetstore/eb/65/eb65ad2d1cd646ed8e124a3f9cb3d9e9?versionId=rjeqk6_5vdDFKrvs1N_3r772xYHD1KsE to asset
2020-10-21T14:16:35-0400 [INFO    ] backups2datalad.py Syncing asset /sub-Hench/sub-Hench_ses-20170618T120000.nwb
2020-10-21T14:16:35-0400 [WARNING ] backups2datalad.py Asset metadata does not include sha256 hash
2020-10-21T14:16:35-0400 [INFO    ] backups2datalad.py Asset not in dataset; will copy
2020-10-21T14:16:35-0400 [INFO    ] backups2datalad.py cp /mnt/backup/dandi/dandiarchive-s3-backup/girder-assetstore/70/d3/70d329e2ff9346c4b0570c35fd878024 -> /mnt/backup/dandi/dandisets/000017/sub-Hench/sub-Hench_ses-20170618T120000.nwb
2020-10-21T14:16:35-0400 [INFO    ] backups2datalad.py Adding asset to dataset
2020-10-21T14:16:38-0400 [INFO    ] backups2datalad.py Adding URL https://dandiarchive.s3.amazonaws.com/girder-assetstore/70/d3/70d329e2ff9346c4b0570c35fd878024?versionId=qVQaFZC5Y4kX3TfXDLCAYUbvDBOllaGh to asset
2020-10-21T14:16:38-0400 [INFO    ] backups2datalad.py Syncing asset /sub-Lederberg/sub-Lederberg_ses-20171205T120000.nwb
2020-10-21T14:16:38-0400 [WARNING ] backups2datalad.py Asset metadata does not include sha256 hash
2020-10-21T14:16:39-0400 [INFO    ] backups2datalad.py Asset not in dataset; will copy
2020-10-21T14:16:39-0400 [INFO    ] backups2datalad.py cp /mnt/backup/dandi/dandiarchive-s3-backup/girder-assetstore/93/ea/93ea24f5a80142af9b223b42f896a7bb -> /mnt/backup/dandi/dandisets/000017/sub-Lederberg/sub-Lederberg_ses-20171205T120000.nwb
2020-10-21T14:16:39-0400 [INFO    ] backups2datalad.py Adding asset to dataset
2020-10-21T14:16:41-0400 [INFO    ] backups2datalad.py Adding URL https://dandiarchive.s3.amazonaws.com/girder-assetstore/93/ea/93ea24f5a80142af9b223b42f896a7bb?versionId=2hmVRSY3OIa6sRpCyIaVZT3dI9qBkW7C to asset
2020-10-21T14:16:41-0400 [INFO    ] backups2datalad.py Syncing asset /sub-Lederberg/sub-Lederberg_ses-20171206T120000.nwb
2020-10-21T14:16:41-0400 [WARNING ] backups2datalad.py Asset metadata does not include sha256 hash
2020-10-21T14:16:42-0400 [INFO    ] backups2datalad.py Asset not in dataset; will copy
2020-10-21T14:16:42-0400 [INFO    ] backups2datalad.py cp /mnt/backup/dandi/dandiarchive-s3-backup/girder-assetstore/a3/32/a3324b9428754908ac13061a007e7102 -> /mnt/backup/dandi/dandisets/000017/sub-Lederberg/sub-Lederberg_ses-20171206T120000.nwb
2020-10-21T14:16:42-0400 [INFO    ] backups2datalad.py Adding asset to dataset
2020-10-21T14:16:46-0400 [INFO    ] backups2datalad.py Adding URL https://dandiarchive.s3.amazonaws.com/girder-assetstore/a3/32/a3324b9428754908ac13061a007e7102?versionId=TIM2r4_7FkvOVFkMPYFPRshGJq3jrnvr to asset
2020-10-21T14:16:46-0400 [INFO    ] backups2datalad.py Syncing asset /sub-Lederberg/sub-Lederberg_ses-20171207T120000.nwb
2020-10-21T14:16:46-0400 [WARNING ] backups2datalad.py Asset metadata does not include sha256 hash
2020-10-21T14:16:46-0400 [INFO    ] backups2datalad.py Asset not in dataset; will copy
2020-10-21T14:16:46-0400 [INFO    ] backups2datalad.py cp /mnt/backup/dandi/dandiarchive-s3-backup/girder-assetstore/9b/21/9b211c06f84a458cb87ef4bbe3148d94 -> /mnt/backup/dandi/dandisets/000017/sub-Lederberg/sub-Lederberg_ses-20171207T120000.nwb
2020-10-21T14:16:46-0400 [INFO    ] backups2datalad.py Adding asset to dataset
2020-10-21T14:16:48-0400 [INFO    ] backups2datalad.py Adding URL https://dandiarchive.s3.amazonaws.com/girder-assetstore/9b/21/9b211c06f84a458cb87ef4bbe3148d94?versionId=Yu5xlmv0hG51Q5EyvbfXpMUi10O1w840 to asset
2020-10-21T14:16:49-0400 [INFO    ] backups2datalad.py Syncing asset /sub-Lederberg/sub-Lederberg_ses-20171208T120000.nwb
2020-10-21T14:16:49-0400 [WARNING ] backups2datalad.py Asset metadata does not include sha256 hash
2020-10-21T14:16:49-0400 [INFO    ] backups2datalad.py Asset not in dataset; will copy
2020-10-21T14:16:49-0400 [INFO    ] backups2datalad.py cp /mnt/backup/dandi/dandiarchive-s3-backup/girder-assetstore/09/4c/094c27b26f204b48955c97650ea56641 -> /mnt/backup/dandi/dandisets/000017/sub-Lederberg/sub-Lederberg_ses-20171208T120000.nwb
2020-10-21T14:16:49-0400 [INFO    ] backups2datalad.py Adding asset to dataset
2020-10-21T14:16:52-0400 [INFO    ] backups2datalad.py Adding URL https://dandiarchive.s3.amazonaws.com/girder-assetstore/09/4c/094c27b26f204b48955c97650ea56641?versionId=I2oJoexLamlJo9e1OfVV0PUQD_1FaGLY to asset
2020-10-21T14:16:52-0400 [INFO    ] backups2datalad.py Syncing asset /sub-Lederberg/sub-Lederberg_ses-20171209T120000.nwb
2020-10-21T14:16:52-0400 [WARNING ] backups2datalad.py Asset metadata does not include sha256 hash
2020-10-21T14:16:52-0400 [INFO    ] backups2datalad.py Asset not in dataset; will copy
2020-10-21T14:16:52-0400 [INFO    ] backups2datalad.py cp /mnt/backup/dandi/dandiarchive-s3-backup/girder-assetstore/36/2f/362fb07ee66640698a5b3522f7726d7d -> /mnt/backup/dandi/dandisets/000017/sub-Lederberg/sub-Lederberg_ses-20171209T120000.nwb
2020-10-21T14:16:52-0400 [INFO    ] backups2datalad.py Adding asset to dataset
2020-10-21T14:16:54-0400 [INFO    ] backups2datalad.py Adding URL https://dandiarchive.s3.amazonaws.com/girder-assetstore/36/2f/362fb07ee66640698a5b3522f7726d7d?versionId=_Up1QsmLyTrjrafeHrJ4IJo2qrHJ.iwh to asset
2020-10-21T14:16:54-0400 [INFO    ] backups2datalad.py Syncing asset /sub-Lederberg/sub-Lederberg_ses-20171210T120000.nwb
2020-10-21T14:16:54-0400 [WARNING ] backups2datalad.py Asset metadata does not include sha256 hash
2020-10-21T14:16:55-0400 [INFO    ] backups2datalad.py Asset not in dataset; will copy
2020-10-21T14:16:55-0400 [INFO    ] backups2datalad.py cp /mnt/backup/dandi/dandiarchive-s3-backup/girder-assetstore/ac/ad/acad6c5c6d0d416e9d07c4dfaaa1d314 -> /mnt/backup/dandi/dandisets/000017/sub-Lederberg/sub-Lederberg_ses-20171210T120000.nwb
2020-10-21T14:16:55-0400 [INFO    ] backups2datalad.py Adding asset to dataset
2020-10-21T14:16:56-0400 [INFO    ] backups2datalad.py Adding URL https://dandiarchive.s3.amazonaws.com/girder-assetstore/ac/ad/acad6c5c6d0d416e9d07c4dfaaa1d314?versionId=xN_.slMYYdZza8Tldh9DIsu8qGHm1yW3 to asset
2020-10-21T14:16:56-0400 [INFO    ] backups2datalad.py Syncing asset /sub-Lederberg/sub-Lederberg_ses-20171211T120000.nwb
2020-10-21T14:16:56-0400 [WARNING ] backups2datalad.py Asset metadata does not include sha256 hash
2020-10-21T14:16:57-0400 [INFO    ] backups2datalad.py Asset not in dataset; will copy
2020-10-21T14:16:57-0400 [INFO    ] backups2datalad.py cp /mnt/backup/dandi/dandiarchive-s3-backup/girder-assetstore/01/cd/01cdb0f363994358b8912258e8482211 -> /mnt/backup/dandi/dandisets/000017/sub-Lederberg/sub-Lederberg_ses-20171211T120000.nwb
2020-10-21T14:16:57-0400 [INFO    ] backups2datalad.py Adding asset to dataset
2020-10-21T14:16:59-0400 [INFO    ] backups2datalad.py Adding URL https://dandiarchive.s3.amazonaws.com/girder-assetstore/01/cd/01cdb0f363994358b8912258e8482211?versionId=FzIqiWk9bMFQ0XD38MD2yOr4ckOdtWV3 to asset
2020-10-21T14:16:59-0400 [INFO    ] backups2datalad.py Syncing asset /sub-Moniz/sub-Moniz_ses-20170515T120000.nwb
2020-10-21T14:16:59-0400 [WARNING ] backups2datalad.py Asset metadata does not include sha256 hash
2020-10-21T14:17:00-0400 [INFO    ] backups2datalad.py Asset not in dataset; will copy
2020-10-21T14:17:00-0400 [INFO    ] backups2datalad.py cp /mnt/backup/dandi/dandiarchive-s3-backup/girder-assetstore/44/1c/441c6e3ab21e43dcac375a7efb96af61 -> /mnt/backup/dandi/dandisets/000017/sub-Moniz/sub-Moniz_ses-20170515T120000.nwb
2020-10-21T14:17:00-0400 [INFO    ] backups2datalad.py Adding asset to dataset
2020-10-21T14:17:02-0400 [INFO    ] backups2datalad.py Adding URL https://dandiarchive.s3.amazonaws.com/girder-assetstore/44/1c/441c6e3ab21e43dcac375a7efb96af61?versionId=Ec4miSY0HMJSNqzfGyhQdmHOdaOO8B09 to asset
2020-10-21T14:17:03-0400 [INFO    ] backups2datalad.py Syncing asset /sub-Moniz/sub-Moniz_ses-20170516T120000.nwb
2020-10-21T14:17:03-0400 [WARNING ] backups2datalad.py Asset metadata does not include sha256 hash
2020-10-21T14:17:03-0400 [INFO    ] backups2datalad.py Asset not in dataset; will copy
2020-10-21T14:17:03-0400 [INFO    ] backups2datalad.py cp /mnt/backup/dandi/dandiarchive-s3-backup/girder-assetstore/97/42/9742ec50649c4b958e399d30669d8bd1 -> /mnt/backup/dandi/dandisets/000017/sub-Moniz/sub-Moniz_ses-20170516T120000.nwb
2020-10-21T14:17:03-0400 [INFO    ] backups2datalad.py Adding asset to dataset
2020-10-21T14:17:06-0400 [INFO    ] backups2datalad.py Adding URL https://dandiarchive.s3.amazonaws.com/girder-assetstore/97/42/9742ec50649c4b958e399d30669d8bd1?versionId=GHT_InCIEa3GzgjuCnbmI87VM3qvhbL0 to asset
2020-10-21T14:17:06-0400 [INFO    ] backups2datalad.py Syncing asset /sub-Moniz/sub-Moniz_ses-20170518T120000.nwb
2020-10-21T14:17:06-0400 [WARNING ] backups2datalad.py Asset metadata does not include sha256 hash
2020-10-21T14:17:06-0400 [INFO    ] backups2datalad.py Asset not in dataset; will copy
2020-10-21T14:17:06-0400 [INFO    ] backups2datalad.py cp /mnt/backup/dandi/dandiarchive-s3-backup/girder-assetstore/88/42/8842eb9feb3045d6a8262641fcbb7a4f -> /mnt/backup/dandi/dandisets/000017/sub-Moniz/sub-Moniz_ses-20170518T120000.nwb
2020-10-21T14:17:06-0400 [INFO    ] backups2datalad.py Adding asset to dataset
2020-10-21T14:17:09-0400 [INFO    ] backups2datalad.py Adding URL https://dandiarchive.s3.amazonaws.com/girder-assetstore/88/42/8842eb9feb3045d6a8262641fcbb7a4f?versionId=4F6W.OHoD2HtM3N49_obU7kWwzsx0Yd6 to asset
2020-10-21T14:17:09-0400 [INFO    ] backups2datalad.py Syncing asset /sub-Muller/sub-Muller_ses-20170107T120000.nwb
2020-10-21T14:17:09-0400 [WARNING ] backups2datalad.py Asset metadata does not include sha256 hash
2020-10-21T14:17:09-0400 [INFO    ] backups2datalad.py Asset not in dataset; will copy
2020-10-21T14:17:09-0400 [INFO    ] backups2datalad.py cp /mnt/backup/dandi/dandiarchive-s3-backup/girder-assetstore/1e/23/1e23a4339ee1464382fbc57a3433017a -> /mnt/backup/dandi/dandisets/000017/sub-Muller/sub-Muller_ses-20170107T120000.nwb
2020-10-21T14:17:09-0400 [INFO    ] backups2datalad.py Adding asset to dataset
2020-10-21T14:17:12-0400 [INFO    ] backups2datalad.py Adding URL https://dandiarchive.s3.amazonaws.com/girder-assetstore/1e/23/1e23a4339ee1464382fbc57a3433017a?versionId=GvlPMnLEZO90eidMIrQMAqsCOCxzwO98 to asset
2020-10-21T14:17:13-0400 [INFO    ] backups2datalad.py Syncing asset /sub-Muller/sub-Muller_ses-20170108T120000.nwb
2020-10-21T14:17:13-0400 [WARNING ] backups2datalad.py Asset metadata does not include sha256 hash
2020-10-21T14:17:13-0400 [INFO    ] backups2datalad.py Asset not in dataset; will copy
2020-10-21T14:17:13-0400 [INFO    ] backups2datalad.py cp /mnt/backup/dandi/dandiarchive-s3-backup/girder-assetstore/7f/be/7fbee78c969b457c9bfee2d30812919e -> /mnt/backup/dandi/dandisets/000017/sub-Muller/sub-Muller_ses-20170108T120000.nwb
2020-10-21T14:17:13-0400 [INFO    ] backups2datalad.py Adding asset to dataset
2020-10-21T14:17:15-0400 [INFO    ] backups2datalad.py Adding URL https://dandiarchive.s3.amazonaws.com/girder-assetstore/7f/be/7fbee78c969b457c9bfee2d30812919e?versionId=PmIfO0JiSSEQLkK2bG5TQ1XzUWTqRWL9 to asset
2020-10-21T14:17:15-0400 [INFO    ] backups2datalad.py Syncing asset /sub-Muller/sub-Muller_ses-20170109T120000.nwb
2020-10-21T14:17:15-0400 [WARNING ] backups2datalad.py Asset metadata does not include sha256 hash
2020-10-21T14:17:16-0400 [INFO    ] backups2datalad.py Asset not in dataset; will copy
2020-10-21T14:17:16-0400 [INFO    ] backups2datalad.py cp /mnt/backup/dandi/dandiarchive-s3-backup/girder-assetstore/42/77/427704bcaff14c0a927e0eab94bc7453 -> /mnt/backup/dandi/dandisets/000017/sub-Muller/sub-Muller_ses-20170109T120000.nwb
2020-10-21T14:17:16-0400 [INFO    ] backups2datalad.py Adding asset to dataset
2020-10-21T14:17:17-0400 [INFO    ] backups2datalad.py Adding URL https://dandiarchive.s3.amazonaws.com/girder-assetstore/42/77/427704bcaff14c0a927e0eab94bc7453?versionId=EMDnigIzohy.b.q9kx3RfjtQbq30fzyX to asset
2020-10-21T14:17:18-0400 [INFO    ] backups2datalad.py Syncing asset /sub-Radnitz/sub-Radnitz_ses-20170108T120000.nwb
2020-10-21T14:17:18-0400 [WARNING ] backups2datalad.py Asset metadata does not include sha256 hash
2020-10-21T14:17:18-0400 [INFO    ] backups2datalad.py Asset not in dataset; will copy
2020-10-21T14:17:18-0400 [INFO    ] backups2datalad.py cp /mnt/backup/dandi/dandiarchive-s3-backup/girder-assetstore/93/91/9391b0c0282343dea18847499be4a7ac -> /mnt/backup/dandi/dandisets/000017/sub-Radnitz/sub-Radnitz_ses-20170108T120000.nwb
2020-10-21T14:17:18-0400 [INFO    ] backups2datalad.py Adding asset to dataset
2020-10-21T14:17:20-0400 [INFO    ] backups2datalad.py Adding URL https://dandiarchive.s3.amazonaws.com/girder-assetstore/93/91/9391b0c0282343dea18847499be4a7ac?versionId=69bsxSPa45AVRkVrgt_6sviobpiEXIT5 to asset
2020-10-21T14:17:21-0400 [INFO    ] backups2datalad.py Syncing asset /sub-Radnitz/sub-Radnitz_ses-20170109T120000.nwb
2020-10-21T14:17:21-0400 [WARNING ] backups2datalad.py Asset metadata does not include sha256 hash
2020-10-21T14:17:21-0400 [INFO    ] backups2datalad.py Asset not in dataset; will copy
2020-10-21T14:17:21-0400 [INFO    ] backups2datalad.py cp /mnt/backup/dandi/dandiarchive-s3-backup/girder-assetstore/b8/6d/b86d0af65dc4460c92eea4208d87d177 -> /mnt/backup/dandi/dandisets/000017/sub-Radnitz/sub-Radnitz_ses-20170109T120000.nwb
2020-10-21T14:17:21-0400 [INFO    ] backups2datalad.py Adding asset to dataset
2020-10-21T14:17:23-0400 [INFO    ] backups2datalad.py Adding URL https://dandiarchive.s3.amazonaws.com/girder-assetstore/b8/6d/b86d0af65dc4460c92eea4208d87d177?versionId=fvYkSWf3m3siEizuVAJJeiEyXs9ERZlV to asset
2020-10-21T14:17:23-0400 [INFO    ] backups2datalad.py Syncing asset /sub-Radnitz/sub-Radnitz_ses-20170110T120000.nwb
2020-10-21T14:17:23-0400 [WARNING ] backups2datalad.py Asset metadata does not include sha256 hash
2020-10-21T14:17:24-0400 [INFO    ] backups2datalad.py Asset not in dataset; will copy
2020-10-21T14:17:24-0400 [INFO    ] backups2datalad.py cp /mnt/backup/dandi/dandiarchive-s3-backup/girder-assetstore/82/b4/82b40ff26e5f40d6ab25421aab895e80 -> /mnt/backup/dandi/dandisets/000017/sub-Radnitz/sub-Radnitz_ses-20170110T120000.nwb
2020-10-21T14:17:24-0400 [INFO    ] backups2datalad.py Adding asset to dataset
2020-10-21T14:17:27-0400 [INFO    ] backups2datalad.py Adding URL https://dandiarchive.s3.amazonaws.com/girder-assetstore/82/b4/82b40ff26e5f40d6ab25421aab895e80?versionId=u6CY8wsx_KVRUcoKtyJhB7HogXEePM0f to asset
2020-10-21T14:17:27-0400 [INFO    ] backups2datalad.py Syncing asset /sub-Radnitz/sub-Radnitz_ses-20170111T120000.nwb
2020-10-21T14:17:27-0400 [WARNING ] backups2datalad.py Asset metadata does not include sha256 hash
2020-10-21T14:17:27-0400 [INFO    ] backups2datalad.py Asset not in dataset; will copy
2020-10-21T14:17:27-0400 [INFO    ] backups2datalad.py cp /mnt/backup/dandi/dandiarchive-s3-backup/girder-assetstore/6c/6f/6c6fcd1570894abb8adc22c4bb02aa76 -> /mnt/backup/dandi/dandisets/000017/sub-Radnitz/sub-Radnitz_ses-20170111T120000.nwb
2020-10-21T14:17:27-0400 [INFO    ] backups2datalad.py Adding asset to dataset
2020-10-21T14:17:30-0400 [INFO    ] backups2datalad.py Adding URL https://dandiarchive.s3.amazonaws.com/girder-assetstore/6c/6f/6c6fcd1570894abb8adc22c4bb02aa76?versionId=chCjExbj08O6sstPlJOe4CenW4rLPJG5 to asset
2020-10-21T14:17:30-0400 [INFO    ] backups2datalad.py Syncing asset /sub-Radnitz/sub-Radnitz_ses-20170112T120000.nwb
2020-10-21T14:17:30-0400 [WARNING ] backups2datalad.py Asset metadata does not include sha256 hash
2020-10-21T14:17:30-0400 [INFO    ] backups2datalad.py Asset not in dataset; will copy
2020-10-21T14:17:30-0400 [INFO    ] backups2datalad.py cp /mnt/backup/dandi/dandiarchive-s3-backup/girder-assetstore/1e/c5/1ec5bfe48efd4018bf3367ef3b382b16 -> /mnt/backup/dandi/dandisets/000017/sub-Radnitz/sub-Radnitz_ses-20170112T120000.nwb
2020-10-21T14:17:30-0400 [INFO    ] backups2datalad.py Adding asset to dataset
2020-10-21T14:17:33-0400 [INFO    ] backups2datalad.py Adding URL https://dandiarchive.s3.amazonaws.com/girder-assetstore/1e/c5/1ec5bfe48efd4018bf3367ef3b382b16?versionId=zk7Ob4byHDR2fwMWY3DJSKHTTkpE8Vyi to asset
2020-10-21T14:17:33-0400 [INFO    ] backups2datalad.py Syncing asset /sub-Richards/sub-Richards_ses-20171029T120000.nwb
2020-10-21T14:17:33-0400 [WARNING ] backups2datalad.py Asset metadata does not include sha256 hash
2020-10-21T14:17:33-0400 [INFO    ] backups2datalad.py Asset not in dataset; will copy
2020-10-21T14:17:33-0400 [INFO    ] backups2datalad.py cp /mnt/backup/dandi/dandiarchive-s3-backup/girder-assetstore/98/a2/98a2334727ae48d1b2a9247df1fe6b6c -> /mnt/backup/dandi/dandisets/000017/sub-Richards/sub-Richards_ses-20171029T120000.nwb
2020-10-21T14:17:33-0400 [INFO    ] backups2datalad.py Adding asset to dataset
2020-10-21T14:17:35-0400 [INFO    ] backups2datalad.py Adding URL https://dandiarchive.s3.amazonaws.com/girder-assetstore/98/a2/98a2334727ae48d1b2a9247df1fe6b6c?versionId=UmFsLk4AKkMGLWLYmKP3EXRxX8FuywlI to asset
2020-10-21T14:17:36-0400 [INFO    ] backups2datalad.py Syncing asset /sub-Richards/sub-Richards_ses-20171030T120000.nwb
2020-10-21T14:17:36-0400 [WARNING ] backups2datalad.py Asset metadata does not include sha256 hash
2020-10-21T14:17:36-0400 [INFO    ] backups2datalad.py Asset not in dataset; will copy
2020-10-21T14:17:36-0400 [INFO    ] backups2datalad.py cp /mnt/backup/dandi/dandiarchive-s3-backup/girder-assetstore/5a/29/5a2948cbdfe24567bb3ae28e65d3099f -> /mnt/backup/dandi/dandisets/000017/sub-Richards/sub-Richards_ses-20171030T120000.nwb
2020-10-21T14:17:36-0400 [INFO    ] backups2datalad.py Adding asset to dataset
2020-10-21T14:17:38-0400 [INFO    ] backups2datalad.py Adding URL https://dandiarchive.s3.amazonaws.com/girder-assetstore/5a/29/5a2948cbdfe24567bb3ae28e65d3099f?versionId=DEQEBo0aIlW.wnCjM8af0jvoECGcH.vP to asset
2020-10-21T14:17:38-0400 [INFO    ] backups2datalad.py Syncing asset /sub-Richards/sub-Richards_ses-20171031T120000.nwb
2020-10-21T14:17:38-0400 [WARNING ] backups2datalad.py Asset metadata does not include sha256 hash
2020-10-21T14:17:39-0400 [INFO    ] backups2datalad.py Asset not in dataset; will copy
2020-10-21T14:17:39-0400 [INFO    ] backups2datalad.py cp /mnt/backup/dandi/dandiarchive-s3-backup/girder-assetstore/60/84/60847b4f517543fcaa41e8ad3b6dfb43 -> /mnt/backup/dandi/dandisets/000017/sub-Richards/sub-Richards_ses-20171031T120000.nwb
2020-10-21T14:17:39-0400 [INFO    ] backups2datalad.py Adding asset to dataset
2020-10-21T14:17:40-0400 [INFO    ] backups2datalad.py Adding URL https://dandiarchive.s3.amazonaws.com/girder-assetstore/60/84/60847b4f517543fcaa41e8ad3b6dfb43?versionId=qJ9abuR9VdTTStWGLX0j8QdyYO0Q7ATF to asset
2020-10-21T14:17:40-0400 [INFO    ] backups2datalad.py Syncing asset /sub-Richards/sub-Richards_ses-20171101T120000.nwb
2020-10-21T14:17:40-0400 [WARNING ] backups2datalad.py Asset metadata does not include sha256 hash
2020-10-21T14:17:41-0400 [INFO    ] backups2datalad.py Asset not in dataset; will copy
2020-10-21T14:17:41-0400 [INFO    ] backups2datalad.py cp /mnt/backup/dandi/dandiarchive-s3-backup/girder-assetstore/25/40/2540b88b318449bba6b3bbb3518e2b8d -> /mnt/backup/dandi/dandisets/000017/sub-Richards/sub-Richards_ses-20171101T120000.nwb
2020-10-21T14:17:41-0400 [INFO    ] backups2datalad.py Adding asset to dataset
2020-10-21T14:17:42-0400 [INFO    ] backups2datalad.py Adding URL https://dandiarchive.s3.amazonaws.com/girder-assetstore/25/40/2540b88b318449bba6b3bbb3518e2b8d?versionId=Z5Oz_q5S7lTQ3EqXwhCzcFQiwhyUTmsR to asset
2020-10-21T14:17:43-0400 [INFO    ] backups2datalad.py Syncing asset /sub-Richards/sub-Richards_ses-20171102T120000.nwb
2020-10-21T14:17:43-0400 [WARNING ] backups2datalad.py Asset metadata does not include sha256 hash
2020-10-21T14:17:43-0400 [INFO    ] backups2datalad.py Asset not in dataset; will copy
2020-10-21T14:17:43-0400 [INFO    ] backups2datalad.py cp /mnt/backup/dandi/dandiarchive-s3-backup/girder-assetstore/03/f8/03f8661d2e20460db7599b91a62b75a5 -> /mnt/backup/dandi/dandisets/000017/sub-Richards/sub-Richards_ses-20171102T120000.nwb
2020-10-21T14:17:43-0400 [INFO    ] backups2datalad.py Adding asset to dataset
2020-10-21T14:17:45-0400 [INFO    ] backups2datalad.py Adding URL https://dandiarchive.s3.amazonaws.com/girder-assetstore/03/f8/03f8661d2e20460db7599b91a62b75a5?versionId=KUAOI0G7Le.cXCNCVcZHw_ld9el.R3D5 to asset
2020-10-21T14:17:46-0400 [INFO    ] backups2datalad.py Syncing asset /sub-Tatum/sub-Tatum_ses-20171206T120000.nwb
2020-10-21T14:17:46-0400 [WARNING ] backups2datalad.py Asset metadata does not include sha256 hash
2020-10-21T14:17:46-0400 [INFO    ] backups2datalad.py Asset not in dataset; will copy
2020-10-21T14:17:46-0400 [INFO    ] backups2datalad.py cp /mnt/backup/dandi/dandiarchive-s3-backup/girder-assetstore/ef/a3/efa3dbfaef5e4f30908e253f43c90a26 -> /mnt/backup/dandi/dandisets/000017/sub-Tatum/sub-Tatum_ses-20171206T120000.nwb
2020-10-21T14:17:46-0400 [INFO    ] backups2datalad.py Adding asset to dataset
2020-10-21T14:17:49-0400 [INFO    ] backups2datalad.py Adding URL https://dandiarchive.s3.amazonaws.com/girder-assetstore/ef/a3/efa3dbfaef5e4f30908e253f43c90a26?versionId=8qyPNFSTDbTnpZ2NBCkqeCf3ChR0F.tk to asset
2020-10-21T14:17:49-0400 [INFO    ] backups2datalad.py Syncing asset /sub-Tatum/sub-Tatum_ses-20171207T120000.nwb
2020-10-21T14:17:49-0400 [WARNING ] backups2datalad.py Asset metadata does not include sha256 hash
2020-10-21T14:17:50-0400 [INFO    ] backups2datalad.py Asset not in dataset; will copy
2020-10-21T14:17:50-0400 [INFO    ] backups2datalad.py cp /mnt/backup/dandi/dandiarchive-s3-backup/girder-assetstore/f6/7b/f67bf582b14f4248aa50fb9625fc745a -> /mnt/backup/dandi/dandisets/000017/sub-Tatum/sub-Tatum_ses-20171207T120000.nwb
2020-10-21T14:17:50-0400 [INFO    ] backups2datalad.py Adding asset to dataset
2020-10-21T14:17:52-0400 [INFO    ] backups2datalad.py Adding URL https://dandiarchive.s3.amazonaws.com/girder-assetstore/f6/7b/f67bf582b14f4248aa50fb9625fc745a?versionId=uCN9qKWxljA5cQj8FPB2TnOSv2qgRarZ to asset
2020-10-21T14:17:52-0400 [INFO    ] backups2datalad.py Syncing asset /sub-Tatum/sub-Tatum_ses-20171208T120000.nwb
2020-10-21T14:17:52-0400 [WARNING ] backups2datalad.py Asset metadata does not include sha256 hash
2020-10-21T14:17:53-0400 [INFO    ] backups2datalad.py Asset not in dataset; will copy
2020-10-21T14:17:53-0400 [INFO    ] backups2datalad.py cp /mnt/backup/dandi/dandiarchive-s3-backup/girder-assetstore/7c/74/7c740a00741940339eb17083837f0900 -> /mnt/backup/dandi/dandisets/000017/sub-Tatum/sub-Tatum_ses-20171208T120000.nwb
2020-10-21T14:17:53-0400 [INFO    ] backups2datalad.py Adding asset to dataset
2020-10-21T14:17:55-0400 [INFO    ] backups2datalad.py Adding URL https://dandiarchive.s3.amazonaws.com/girder-assetstore/7c/74/7c740a00741940339eb17083837f0900?versionId=P.QOFySMnd6Pw8Kc49VicPMQch3w6vNE to asset
2020-10-21T14:17:56-0400 [INFO    ] backups2datalad.py Syncing asset /sub-Tatum/sub-Tatum_ses-20171209T120000.nwb
2020-10-21T14:17:56-0400 [WARNING ] backups2datalad.py Asset metadata does not include sha256 hash
2020-10-21T14:17:56-0400 [INFO    ] backups2datalad.py Asset not in dataset; will copy
2020-10-21T14:17:56-0400 [INFO    ] backups2datalad.py cp /mnt/backup/dandi/dandiarchive-s3-backup/girder-assetstore/d4/73/d473d9911c99416b91419aa77ddd752a -> /mnt/backup/dandi/dandisets/000017/sub-Tatum/sub-Tatum_ses-20171209T120000.nwb
2020-10-21T14:17:56-0400 [INFO    ] backups2datalad.py Adding asset to dataset
2020-10-21T14:17:58-0400 [INFO    ] backups2datalad.py Adding URL https://dandiarchive.s3.amazonaws.com/girder-assetstore/d4/73/d473d9911c99416b91419aa77ddd752a?versionId=Z.esuAjQbR5bdUeORB3TnN5i6pKatDbY to asset
2020-10-21T14:17:59-0400 [INFO    ] backups2datalad.py Syncing asset /sub-Theiler/sub-Theiler_ses-20171011T120000.nwb
2020-10-21T14:17:59-0400 [WARNING ] backups2datalad.py Asset metadata does not include sha256 hash
2020-10-21T14:17:59-0400 [INFO    ] backups2datalad.py Asset not in dataset; will copy
2020-10-21T14:17:59-0400 [INFO    ] backups2datalad.py cp /mnt/backup/dandi/dandiarchive-s3-backup/girder-assetstore/e1/73/e173ef8480d445a3b9e4d1bda21f7d6f -> /mnt/backup/dandi/dandisets/000017/sub-Theiler/sub-Theiler_ses-20171011T120000.nwb
2020-10-21T14:17:59-0400 [INFO    ] backups2datalad.py Adding asset to dataset
2020-10-21T14:18:01-0400 [INFO    ] backups2datalad.py Adding URL https://dandiarchive.s3.amazonaws.com/girder-assetstore/e1/73/e173ef8480d445a3b9e4d1bda21f7d6f?versionId=aQZjP2K.2KOAFWN.VDHjaw.qwZ40UPXL to asset
2020-10-21T14:18:01-0400 [INFO    ] backups2datalad.py Commiting changes
